<?xml version="1.0" encoding="UTF-8"?>
<beans xmlns="http://www.springframework.org/schema/beans"
	xmlns:xsi="http://www.w3.org/2001/XMLSchema-instance"
	xmlns:context="http://www.springframework.org/schema/context"
	xmlns:tx="http://www.springframework.org/schema/tx"
	xmlns:p="http://www.springframework.org/schema/p"
	xmlns:neo4j="http://www.springframework.org/schema/data/neo4j"
	xsi:schemaLocation="http://www.springframework.org/schema/beans 
				http://www.springframework.org/schema/beans/spring-beans-3.1.xsd
				http://www.springframework.org/schema/tx
				http://www.springframework.org/schema/tx/spring-tx-3.1.xsd
				http://www.springframework.org/schema/data/neo4j
				http://www.springframework.org/schema/data/neo4j/spring-neo4j-2.0.xsd
				http://www.springframework.org/schema/context 
				http://www.springframework.org/schema/context/spring-context-3.1.xsd">
				
	<!-- Root Context: defines shared resources visible to all other web components -->
	<context:property-placeholder order="0" location="classpath:virtualVoteOverride.properties" ignore-unresolvable="true" ignore-resource-not-found="true"/>
	<context:property-placeholder order="1" location="classpath:virtualVote.properties" />
				
	<!-- Other globals, we ignore any controllers here -->
	<context:annotation-config />
	<context:component-scan base-package="com.monstersoftwarellc.virtualvote" >
		<context:exclude-filter type="regex"  expression="com.monstersoftwarellc.virtualvote.*.controller"/>
	</context:component-scan>
	
	<!-- JSR-303 - BeanValidation -->
    <bean id="validator" class="org.springframework.validation.beanvalidation.LocalValidatorFactoryBean">
        <property name="validationMessageSource" ref="messageSource"/>
    </bean>
    
	<!-- Application Message Bundle -->
	<bean id="messageSource" class="org.springframework.context.support.ReloadableResourceBundleMessageSource"
			p:basename="/WEB-INF/messages/messages"
			p:cacheSeconds="-1" 
			p:defaultEncoding="UTF-8"/>
    
	<!-- database solution -->	
	<tx:annotation-driven mode="proxy"/>
	
	<!-- Testing  -->
	<neo4j:config graphDatabaseService="graphDatabaseService"/>
	<bean id="graphDatabaseService" class="org.neo4j.kernel.EmbeddedGraphDatabase" destroy-method="shutdown">
		<constructor-arg index="0" value="${graphDatabaseLocation}" />
	</bean> 
	
	<!-- server setup 
	<neo4j:config graphDatabaseService="graphDatabaseService"/>
	<bean id="graphDatabaseService" class="org.springframework.data.neo4j.rest.SpringRestGraphDatabase" >
		<constructor-arg index="0" value="http://localhost:7474/db/data" />
	</bean>-->
	
	<neo4j:repositories base-package="com.monstersoftwarellc.virtualvote.*"/>
</beans>